<?xml version="1.0" encoding="UTF-8"?>
<!-- Generated by org.testng.reporters.JUnitReportReporter -->
<testsuite skipped="0" hostname="zhangleideMacBook-Pro.local" name="com.tester.cases.LoginTest" tests="1" failures="0" timestamp="2021-12-15T18:48:10 CST" time="3.855" errors="0">
  <testcase name="loginTrue" time="3.855" classname="com.tester.cases.LoginTest"/>
  <system-out/>
</testsuite> <!-- com.tester.cases.LoginTest -->
