<?xml version="1.0" encoding="UTF-8"?>
<!-- Generated by org.testng.reporters.JUnitReportReporter -->
<testsuite skipped="0" hostname="zhangleideMacBook-Pro.local" name="com.tester.cases.UpdateUserTest" tests="1" failures="0" timestamp="2021-12-15T18:48:05 CST" time="0.228" errors="0">
  <testcase name="updateUser" time="0.228" classname="com.tester.cases.UpdateUserTest"/>
  <system-out/>
</testsuite> <!-- com.tester.cases.UpdateUserTest -->
